Result: 50000005000000
Result: 50000005000000
Result: 50000005000000
Result: 50000005000000
Result: 50000005000000
Result: 50000005000000
Result: 50000005000000
Result: 50000005000000
Result: 50000005000000
Result: 50000005000000
Iterative Sum done in: 4 msecs
Result: 50000005000000
Result: 50000005000000
Result: 50000005000000
Result: 50000005000000
Result: 50000005000000
Result: 50000005000000
Result: 50000005000000
Result: 50000005000000
Result: 50000005000000
Result: 50000005000000
Sequential Sum done in: 117 msecs
Result: 50000005000000
Result: 50000005000000
Result: 50000005000000
Result: 50000005000000
Result: 50000005000000
Result: 50000005000000
Result: 50000005000000
Result: 50000005000000
Result: 50000005000000
Result: 50000005000000
Parallel forkJoinSum done in: 121 msecs
Result: 50000005000000
Result: 50000005000000
Result: 50000005000000
Result: 50000005000000
Result: 50000005000000
Result: 50000005000000
Result: 50000005000000
Result: 50000005000000
Result: 50000005000000
Result: 50000005000000
Range forkJoinSum done in: 6 msecs
Result: 50000005000000
Result: 50000005000000
Result: 50000005000000
Result: 50000005000000
Result: 50000005000000
Result: 50000005000000
Result: 50000005000000
Result: 50000005000000
Result: 50000005000000
Result: 50000005000000
Parallel range forkJoinSum done in: 1 msecs
Result: 50000005000000
Result: 50000005000000
Result: 50000005000000
Result: 50000005000000
Result: 50000005000000
Result: 50000005000000
Result: 50000005000000
Result: 50000005000000
Result: 50000005000000
Result: 50000005000000
ForkJoin sum done in: 24 msecs
Result: 50000005000000
Result: 50000005000000
Result: 50000005000000
Result: 50000005000000
Result: 50000005000000
Result: 50000005000000
Result: 50000005000000
Result: 50000005000000
Result: 50000005000000
Result: 50000005000000
SideEffect sum done in: 43 msecs
Result: 14508609526724
Result: 19952806547316
Result: 20138019454292
Result: 17600110838265
Result: 26767245333970
Result: 23599660834801
Result: 22074880630542
Result: 19723282733296
Result: 19960357508195
Result: 18467452819308
SideEffect parallel sum done in: 64 msecs